#
# A fatal error has been detected by the Java Runtime Environment:
#
#  EXCEPTION_UNCAUGHT_CXX_EXCEPTION (0xe06d7363) at pc=0x00007ffba8d7cb69, pid=6112, tid=19720
#
# JRE version: OpenJDK Runtime Environment Temurin-17.0.4.1+1 (17.0.4.1+1) (build 17.0.4.1+1)
# Java VM: OpenJDK 64-Bit Server VM Temurin-17.0.4.1+1 (17.0.4.1+1, mixed mode, tiered, compressed oops, compressed class ptrs, g1 gc, windows-amd64)
# Problematic frame:
# C  [KERNELBASE.dll+0x2cb69]
#
# No core dump will be written. Minidumps are not enabled by default on client versions of Windows
#
# If you would like to submit a bug report, please visit:
#   https://github.com/adoptium/adoptium-support/issues
#

---------------  S U M M A R Y ------------

Command Line: -Dfile.encoding=UTF-8 --module-path=C:\Eclipse\workspace\FinalProjectBank\bin -XX:+ShowCodeDetailsInExceptionMessages -Djdk.module.main=FinalProjectBank FinalProjectBank/co.edu.uptc.presenter.Presenter

Host: AMD Athlon Silver 3050U with Radeon Graphics   , 2 cores, 3G,  Windows 10 , 64 bit Build 19041 (10.0.19041.2788)
Time: Fri May  5 09:19:10 2023 Hora est. Pacífico, Sudamérica elapsed time: 0.810278 seconds (0d 0h 0m 0s)

---------------  T H R E A D  ---------------

Current thread (0x000002bc737fcbf0):  JavaThread "main" [_thread_in_vm, id=19720, stack(0x000000dcbcb00000,0x000000dcbcc00000)]

Stack: [0x000000dcbcb00000,0x000000dcbcc00000],  sp=0x000000dcbcbfd550,  free space=1013k
Native frames: (J=compiled Java code, j=interpreted, Vv=VM code, C=native code)
C  [KERNELBASE.dll+0x2cb69]
C  [VCRUNTIME140.dll+0x6220]
C  [jimage.dll+0x32a7]
C  [jimage.dll+0x2a15]
C  [jimage.dll+0x145b]
C  [jimage.dll+0x1e97]
C  [jimage.dll+0x1f2e]
C  [jimage.dll+0x2666]
V  [jvm.dll+0x1f255d]
V  [jvm.dll+0x1f1182]
V  [jvm.dll+0x7ac56b]
V  [jvm.dll+0x7ad912]
V  [jvm.dll+0x7adc48]
V  [jvm.dll+0x23db7e]
V  [jvm.dll+0x23ddcf]
V  [jvm.dll+0x559f88]
V  [jvm.dll+0x55ce37]
V  [jvm.dll+0x383307]
V  [jvm.dll+0x38295f]
C  0x000002bc0001a56c

Java frames: (J=compiled Java code, j=interpreted, Vv=VM code)
j  java.lang.String.decodeWithDecoder(Ljava/nio/charset/CharsetDecoder;[C[BII)I+13 java.base@17.0.4.1
j  java.lang.String.<init>([BIILjava/nio/charset/Charset;)V+774 java.base@17.0.4.1
j  java.lang.String.<init>([BIILjava/lang/String;)V+9 java.base@17.0.4.1
j  sun.font.TrueTypeFont.makeString([BISS)Ljava/lang/String;+194 java.desktop@17.0.4.1
j  sun.font.TrueTypeFont.initNames()V+272 java.desktop@17.0.4.1
j  sun.font.TrueTypeFont.init(I)V+451 java.desktop@17.0.4.1
j  sun.font.TrueTypeFont.<init>(Ljava/lang/String;Ljava/lang/Object;IZZ)V+56 java.desktop@17.0.4.1
j  sun.font.TrueTypeFont.<init>(Ljava/lang/String;Ljava/lang/Object;IZ)V+7 java.desktop@17.0.4.1
j  sun.font.SunFontManager.registerFontFile(Ljava/lang/String;[Ljava/lang/String;IZI)Lsun/font/PhysicalFont;+76 java.desktop@17.0.4.1
j  sun.font.SunFontManager.initialiseDeferredFont(Ljava/lang/String;)Lsun/font/PhysicalFont;+69 java.desktop@17.0.4.1
j  sun.font.CompositeFont.doDeferredInitialisation(I)V+73 java.desktop@17.0.4.1
j  sun.font.CompositeFont.getSlotFont(I)Lsun/font/PhysicalFont;+11 java.desktop@17.0.4.1
j  sun.font.CompositeStrike.getStrikeForSlot(I)Lsun/font/PhysicalStrike;+27 java.desktop@17.0.4.1
j  sun.font.CompositeStrike.getFontMetrics()Lsun/font/StrikeMetrics;+31 java.desktop@17.0.4.1
j  sun.font.FontDesignMetrics.initMatrixAndMetrics()V+28 java.desktop@17.0.4.1
j  sun.font.FontDesignMetrics.<init>(Ljava/awt/Font;Ljava/awt/font/FontRenderContext;)V+62 java.desktop@17.0.4.1
j  sun.font.FontDesignMetrics.getMetrics(Ljava/awt/Font;Ljava/awt/font/FontRenderContext;)Lsun/font/FontDesignMetrics;+128 java.desktop@17.0.4.1
j  sun.swing.SwingUtilities2.getFontMetrics(Ljavax/swing/JComponent;Ljava/awt/Font;)Ljava/awt/FontMetrics;+15 java.desktop@17.0.4.1
j  javax.swing.JComponent.getFontMetrics(Ljava/awt/Font;)Ljava/awt/FontMetrics;+2 java.desktop@17.0.4.1
j  javax.swing.plaf.basic.BasicGraphicsUtils.getPreferredButtonSize(Ljavax/swing/AbstractButton;I)Ljava/awt/Dimension;+28 java.desktop@17.0.4.1
j  javax.swing.plaf.basic.BasicButtonUI.getPreferredSize(Ljavax/swing/JComponent;)Ljava/awt/Dimension;+10 java.desktop@17.0.4.1
j  javax.swing.plaf.basic.BasicButtonUI.getMinimumSize(Ljavax/swing/JComponent;)Ljava/awt/Dimension;+2 java.desktop@17.0.4.1
j  javax.swing.JComponent.getMinimumSize()Ljava/awt/Dimension;+26 java.desktop@17.0.4.1
j  javax.swing.plaf.basic.BasicOptionPaneUI.addButtonComponents(Ljava/awt/Container;[Ljava/lang/Object;I)V+244 java.desktop@17.0.4.1
j  javax.swing.plaf.basic.BasicOptionPaneUI.createButtonArea()Ljava/awt/Container;+109 java.desktop@17.0.4.1
j  javax.swing.plaf.basic.BasicOptionPaneUI.installComponents()V+35 java.desktop@17.0.4.1
j  javax.swing.plaf.basic.BasicOptionPaneUI.installUI(Ljavax/swing/JComponent;)V+24 java.desktop@17.0.4.1
j  javax.swing.JComponent.setUI(Ljavax/swing/plaf/ComponentUI;)V+52 java.desktop@17.0.4.1
j  javax.swing.JOptionPane.setUI(Ljavax/swing/plaf/OptionPaneUI;)V+10 java.desktop@17.0.4.1
j  javax.swing.JOptionPane.updateUI()V+8 java.desktop@17.0.4.1
j  javax.swing.JOptionPane.<init>(Ljava/lang/Object;IILjavax/swing/Icon;[Ljava/lang/Object;Ljava/lang/Object;)V+67 java.desktop@17.0.4.1
j  javax.swing.JOptionPane.showInputDialog(Ljava/awt/Component;Ljava/lang/Object;Ljava/lang/String;ILjavax/swing/Icon;[Ljava/lang/Object;Ljava/lang/Object;)Ljava/lang/Object;+11 java.desktop@17.0.4.1
j  co.edu.uptc.view.View.readMenu(Ljava/lang/String;)I+11 FinalProjectBank
j  co.edu.uptc.presenter.Presenter.optionMenu()I+35 FinalProjectBank
j  co.edu.uptc.presenter.Presenter.run()V+14 FinalProjectBank
j  co.edu.uptc.presenter.Presenter.main([Ljava/lang/String;)V+9 FinalProjectBank
v  ~StubRoutines::call_stub

siginfo: EXCEPTION_UNCAUGHT_CXX_EXCEPTION (0xe06d7363), ExceptionInformation=0x0000000019930520 0x000000dcbcbfd6b0 0x00007ffb9f725138 0x00007ffb9f720000 


Register to memory mapping:

RIP=0x00007ffba8d7cb69 KERNELBASE.dll
RAX=0x0000000040000242 is an unknown value
RBX=0x00007ffb9f725138 jimage.dll
RCX=0x000000dcbcbf0000 is pointing into the stack for thread: 0x000002bc737fcbf0
RDX=0x000000dc02000002 is an unknown value
RSP=0x000000dcbcbfd550 is pointing into the stack for thread: 0x000002bc737fcbf0
RBP=0x000000dcbcbfd7e0 is pointing into the stack for thread: 0x000002bc737fcbf0
RSI=0x000000dcbcbfd6b0 is pointing into the stack for thread: 0x000002bc737fcbf0
RDI=0x0000000019930520 is an unknown value
R8 =0x00007ffb40000242 is an unknown value
R9 =0x000002bc7cf2a340 is pointing into metadata
R10=0x000000dc02000002 is an unknown value
R11=0x000002bc7cf2a340 is pointing into metadata
R12=0x0000000000003a1a is an unknown value
R13=0x000002bc737fd0d0 points into unknown readable memory: 0x6f696e2f6176616a | 6a 61 76 61 2f 6e 69 6f
R14=0x000002bc7bd48380 points into unknown readable memory: 0x000002bc7bb5a0c0 | c0 a0 b5 7b bc 02 00 00
R15=0x000002bc7bd48380 points into unknown readable memory: 0x000002bc7bb5a0c0 | c0 a0 b5 7b bc 02 00 00


Registers:
RAX=0x0000000040000242, RBX=0x00007ffb9f725138, RCX=0x000000dcbcbf0000, RDX=0x000000dc02000002
RSP=0x000000dcbcbfd550, RBP=0x000000dcbcbfd7e0, RSI=0x000000dcbcbfd6b0, RDI=0x0000000019930520
R8 =0x00007ffb40000242, R9 =0x000002bc7cf2a340, R10=0x000000dc02000002, R11=0x000002bc7cf2a340
R12=0x0000000000003a1a, R13=0x000002bc737fd0d0, R14=0x000002bc7bd48380, R15=0x000002bc7bd48380
RIP=0x00007ffba8d7cb69, EFLAGS=0x0000000000000202

Top of Stack: (sp=0x000000dcbcbfd550)
0x000000dcbcbfd550:   0000000000000000 00007ffb9f725138
0x000000dcbcbfd560:   000000dcbcbfd6b0 000000dcbcbfd5c0
0x000000dcbcbfd570:   00000001e06d7363 0000000000000000
0x000000dcbcbfd580:   00007ffba8d7cb69 00007ffb00000004
0x000000dcbcbfd590:   0000000019930520 000000dcbcbfd6b0
0x000000dcbcbfd5a0:   00007ffb9f725138 00007ffb9f720000
0x000000dcbcbfd5b0:   000002bc737fd0d0 0000000000003a1a
0x000000dcbcbfd5c0:   000000dcbcbfd6b0 000000dcbcbfd7e0
0x000000dcbcbfd5d0:   000000dcbcbfd650 00007ffbab244a5f
0x000000dcbcbfd5e0:   0000000019930520 00007ffb00000000
0x000000dcbcbfd5f0:   000000dcbcbfd650 000000dcbcbfd630
0x000000dcbcbfd600:   00007ffb9f727000 00007ffb9f720000
0x000000dcbcbfd610:   000014a422468799 00007ffba8da0a2b
0x000000dcbcbfd620:   00007ffb9f725138 00007ffba3d16220
0x000000dcbcbfd630:   0000000000000000 0000000000000024
0x000000dcbcbfd640:   00007ffb7ce00608 000000dcbcbfd690 

Instructions: (pc=0x00007ffba8d7cb69)
0x00007ffba8d7ca69:   08 00 48 8b 84 24 b8 00 00 00 48 8b 8c 24 b0 05
0x00007ffba8d7ca79:   00 00 48 33 cc e8 8d 86 06 00 48 81 c4 c0 05 00
0x00007ffba8d7ca89:   00 41 5f 41 5e 41 5d 5e 5b c3 cc 48 ff 15 2d 1e
0x00007ffba8d7ca99:   1a 00 0f 1f 44 00 00 eb b0 cc cc cc cc cc cc cc
0x00007ffba8d7caa9:   cc cc cc cc cc cc cc 40 53 48 83 ec 30 48 8b d1
0x00007ffba8d7cab9:   48 8d 4c 24 20 e8 5d 23 00 00 85 c0 74 26 48 8b
0x00007ffba8d7cac9:   4c 24 28 e8 ef 38 00 00 48 8d 4c 24 20 8b d8 48
0x00007ffba8d7cad9:   ff 15 31 18 1a 00 0f 1f 44 00 00 8b c3 48 83 c4
0x00007ffba8d7cae9:   30 5b c3 cc 83 c8 ff eb f4 cc cc cc cc cc cc cc
0x00007ffba8d7caf9:   cc cc cc cc cc cc cc 48 81 ec d8 00 00 00 48 8b
0x00007ffba8d7cb09:   05 62 f3 26 00 48 33 c4 48 89 84 24 c0 00 00 00
0x00007ffba8d7cb19:   48 83 64 24 28 00 48 8d 05 da ff ff ff 83 e2 01
0x00007ffba8d7cb29:   89 4c 24 20 89 54 24 24 48 89 44 24 30 4d 85 c9
0x00007ffba8d7cb39:   74 4c b8 0f 00 00 00 48 8d 4c 24 40 44 3b c0 49
0x00007ffba8d7cb49:   8b d1 44 0f 47 c0 44 89 44 24 38 49 c1 e0 03 e8
0x00007ffba8d7cb59:   8a 38 07 00 48 8d 4c 24 20 48 ff 15 7f 1f 1a 00
0x00007ffba8d7cb69:   0f 1f 44 00 00 48 8b 8c 24 c0 00 00 00 48 33 cc
0x00007ffba8d7cb79:   e8 92 85 06 00 48 81 c4 d8 00 00 00 c3 cc 83 64
0x00007ffba8d7cb89:   24 38 00 eb cf cc cc cc cc cc cc cc cc cc cc cc
0x00007ffba8d7cb99:   cc cc cc cc cc cc cc 65 48 8b 04 25 30 00 00 00
0x00007ffba8d7cba9:   8b 40 68 c3 cc cc cc cc cc cc cc cc cc cc cc cc
0x00007ffba8d7cbb9:   cc cc cc cc cc cc cc 48 89 5c 24 10 48 89 74 24
0x00007ffba8d7cbc9:   18 57 41 54 41 55 41 56 41 57 48 81 ec b0 02 00
0x00007ffba8d7cbd9:   00 48 8b 05 8f f2 26 00 48 33 c4 48 89 84 24 a0
0x00007ffba8d7cbe9:   02 00 00 48 8d 15 ff 83 1a 00 48 85 c9 48 0f 45
0x00007ffba8d7cbf9:   d1 48 89 94 24 80 00 00 00 48 83 c8 ff 48 ff c0
0x00007ffba8d7cc09:   80 3c 02 00 75 f7 48 ff c0 48 89 84 24 88 00 00
0x00007ffba8d7cc19:   00 48 89 94 24 90 00 00 00 4c 8d 8c 24 88 00 00
0x00007ffba8d7cc29:   00 33 d2 b9 06 00 01 40 44 8d 42 02 e8 c6 fe ff
0x00007ffba8d7cc39:   ff e9 f0 01 00 00 33 f6 48 89 74 24 60 45 33 ff
0x00007ffba8d7cc49:   4c 89 7c 24 48 45 33 f6 4c 89 74 24 58 33 ff 48
0x00007ffba8d7cc59:   89 7c 24 50 e8 3e ff ff ff 89 44 24 40 48 39 35 


Stack slot to memory mapping:
stack at sp + 0 slots: 0x0 is NULL
stack at sp + 1 slots: 0x00007ffb9f725138 jimage.dll
stack at sp + 2 slots: 0x000000dcbcbfd6b0 is pointing into the stack for thread: 0x000002bc737fcbf0
stack at sp + 3 slots: 0x000000dcbcbfd5c0 is pointing into the stack for thread: 0x000002bc737fcbf0
stack at sp + 4 slots: 0x00000001e06d7363 is an unknown value
stack at sp + 5 slots: 0x0 is NULL
stack at sp + 6 slots: 0x00007ffba8d7cb69 KERNELBASE.dll
stack at sp + 7 slots: 0x00007ffb00000004 is an unknown value


---------------  P R O C E S S  ---------------

Threads class SMR info:
_java_thread_list=0x000002bc7bd85cd0, length=16, elements={
0x000002bc737fcbf0, 0x000002bc7af86290, 0x000002bc7af49280, 0x000002bc7af50ee0,
0x000002bc7af73500, 0x000002bc7af741c0, 0x000002bc7b93d020, 0x000002bc7b941110,
0x000002bc7b948210, 0x000002bc7b94a730, 0x000002bc7babd860, 0x000002bc7bb92fc0,
0x000002bc7bd8bea0, 0x000002bc7bd81690, 0x000002bc7bd81b60, 0x000002bc7bdc7af0
}

Java Threads: ( => current thread )
=>0x000002bc737fcbf0 JavaThread "main" [_thread_in_vm, id=19720, stack(0x000000dcbcb00000,0x000000dcbcc00000)]
  0x000002bc7af86290 JavaThread "Reference Handler" daemon [_thread_blocked, id=13944, stack(0x000000dcbd200000,0x000000dcbd300000)]
  0x000002bc7af49280 JavaThread "Finalizer" daemon [_thread_blocked, id=7012, stack(0x000000dcbd300000,0x000000dcbd400000)]
  0x000002bc7af50ee0 JavaThread "Signal Dispatcher" daemon [_thread_blocked, id=11612, stack(0x000000dcbd400000,0x000000dcbd500000)]
  0x000002bc7af73500 JavaThread "Attach Listener" daemon [_thread_blocked, id=24356, stack(0x000000dcbd500000,0x000000dcbd600000)]
  0x000002bc7af741c0 JavaThread "Service Thread" daemon [_thread_blocked, id=17260, stack(0x000000dcbd600000,0x000000dcbd700000)]
  0x000002bc7b93d020 JavaThread "Monitor Deflation Thread" daemon [_thread_blocked, id=22984, stack(0x000000dcbd700000,0x000000dcbd800000)]
  0x000002bc7b941110 JavaThread "C2 CompilerThread0" daemon [_thread_blocked, id=24088, stack(0x000000dcbd800000,0x000000dcbd900000)]
  0x000002bc7b948210 JavaThread "C1 CompilerThread0" daemon [_thread_blocked, id=19152, stack(0x000000dcbd900000,0x000000dcbda00000)]
  0x000002bc7b94a730 JavaThread "Sweeper thread" daemon [_thread_blocked, id=20992, stack(0x000000dcbda00000,0x000000dcbdb00000)]
  0x000002bc7babd860 JavaThread "Common-Cleaner" daemon [_thread_blocked, id=20224, stack(0x000000dcbdb00000,0x000000dcbdc00000)]
  0x000002bc7bb92fc0 JavaThread "Notification Thread" daemon [_thread_blocked, id=22964, stack(0x000000dcbdc00000,0x000000dcbdd00000)]
  0x000002bc7bd8bea0 JavaThread "Java2D Disposer" daemon [_thread_blocked, id=20824, stack(0x000000dcbde00000,0x000000dcbdf00000)]
  0x000002bc7bd81690 JavaThread "AWT-Shutdown" [_thread_blocked, id=20544, stack(0x000000dcbdf00000,0x000000dcbe000000)]
  0x000002bc7bd81b60 JavaThread "AWT-Windows" daemon [_thread_in_native, id=24496, stack(0x000000dcbe000000,0x000000dcbe100000)]
  0x000002bc7bdc7af0 JavaThread "Image Fetcher 0" daemon [_thread_blocked, id=16188, stack(0x000000dcbe100000,0x000000dcbe200000)]

Other Threads:
  0x000002bc7af39cd0 VMThread "VM Thread" [stack: 0x000000dcbd100000,0x000000dcbd200000] [id=21228]
  0x000002bc73847dd0 WatcherThread [stack: 0x000000dcbdd00000,0x000000dcbde00000] [id=22508]
  0x000002bc738362a0 GCTaskThread "GC Thread#0" [stack: 0x000000dcbcc00000,0x000000dcbcd00000] [id=18508]
  0x000002bc7bdf2840 GCTaskThread "GC Thread#1" [stack: 0x000000dcbe200000,0x000000dcbe300000] [id=22924]
  0x000002bc7383f580 ConcurrentGCThread "G1 Main Marker" [stack: 0x000000dcbcd00000,0x000000dcbce00000] [id=7376]
  0x000002bc73840270 ConcurrentGCThread "G1 Conc#0" [stack: 0x000000dcbce00000,0x000000dcbcf00000] [id=17092]
  0x000002bc738b39f0 ConcurrentGCThread "G1 Refine#0" [stack: 0x000000dcbcf00000,0x000000dcbd000000] [id=8148]
  0x000002bc7beb18a0 ConcurrentGCThread "G1 Refine#1" [stack: 0x000000dcbe300000,0x000000dcbe400000] [id=18896]
  0x000002bc738b4320 ConcurrentGCThread "G1 Service" [stack: 0x000000dcbd000000,0x000000dcbd100000] [id=17032]

Threads with active compile tasks:

VM state: not at safepoint (normal execution)

VM Mutex/Monitor currently owned by a thread: None

Heap address: 0x00000000c9e00000, size: 866 MB, Compressed Oops mode: 32-bit

CDS archive(s) not mapped
Compressed class space mapped at: 0x0000000100000000-0x0000000140000000, reserved size: 1073741824
Narrow klass base: 0x0000000000000000, Narrow klass shift: 3, Narrow klass range: 0x140000000

GC Precious Log:
 CPUs: 2 total, 2 available
 Memory: 3460M
 Large Page Support: Disabled
 NUMA Support: Disabled
 Compressed Oops: Enabled (32-bit)
 Heap Region Size: 1M
 Heap Min Capacity: 8M
 Heap Initial Capacity: 56M
 Heap Max Capacity: 866M
 Pre-touch: Disabled
 Parallel Workers: 2
 Concurrent Workers: 1
 Concurrent Refinement Workers: 2
 Periodic GC: Disabled

Heap:
 garbage-first heap   total 57344K, used 2523K [0x00000000c9e00000, 0x0000000100000000)
  region size 1024K, 2 young (2048K), 1 survivors (1024K)
 Metaspace       used 13325K, committed 13568K, reserved 1064960K
  class space    used 1267K, committed 1408K, reserved 1048576K

Heap Regions: E=young(eden), S=young(survivor), O=old, HS=humongous(starts), HC=humongous(continues), CS=collection set, F=free, OA=open archive, CA=closed archive, TAMS=top-at-mark-start (previous, next)
|   0|0x00000000c9e00000, 0x00000000c9f00000, 0x00000000c9f00000|100%| O|  |TAMS 0x00000000c9e00000, 0x00000000c9e00000| Untracked 
|   1|0x00000000c9f00000, 0x00000000c9f76c00, 0x00000000ca000000| 46%| O|  |TAMS 0x00000000c9f00000, 0x00000000c9f00000| Untracked 
|   2|0x00000000ca000000, 0x00000000ca000000, 0x00000000ca100000|  0%| F|  |TAMS 0x00000000ca000000, 0x00000000ca000000| Untracked 
|   3|0x00000000ca100000, 0x00000000ca100000, 0x00000000ca200000|  0%| F|  |TAMS 0x00000000ca100000, 0x00000000ca100000| Untracked 
|   4|0x00000000ca200000, 0x00000000ca200000, 0x00000000ca300000|  0%| F|  |TAMS 0x00000000ca200000, 0x00000000ca200000| Untracked 
|   5|0x00000000ca300000, 0x00000000ca300000, 0x00000000ca400000|  0%| F|  |TAMS 0x00000000ca300000, 0x00000000ca300000| Untracked 
|   6|0x00000000ca400000, 0x00000000ca400000, 0x00000000ca500000|  0%| F|  |TAMS 0x00000000ca400000, 0x00000000ca400000| Untracked 
|   7|0x00000000ca500000, 0x00000000ca500000, 0x00000000ca600000|  0%| F|  |TAMS 0x00000000ca500000, 0x00000000ca500000| Untracked 
|   8|0x00000000ca600000, 0x00000000ca600000, 0x00000000ca700000|  0%| F|  |TAMS 0x00000000ca600000, 0x00000000ca600000| Untracked 
|   9|0x00000000ca700000, 0x00000000ca700000, 0x00000000ca800000|  0%| F|  |TAMS 0x00000000ca700000, 0x00000000ca700000| Untracked 
|  10|0x00000000ca800000, 0x00000000ca800000, 0x00000000ca900000|  0%| F|  |TAMS 0x00000000ca800000, 0x00000000ca800000| Untracked 
|  11|0x00000000ca900000, 0x00000000ca900000, 0x00000000caa00000|  0%| F|  |TAMS 0x00000000ca900000, 0x00000000ca900000| Untracked 
|  12|0x00000000caa00000, 0x00000000caa00000, 0x00000000cab00000|  0%| F|  |TAMS 0x00000000caa00000, 0x00000000caa00000| Untracked 
|  13|0x00000000cab00000, 0x00000000cab00000, 0x00000000cac00000|  0%| F|  |TAMS 0x00000000cab00000, 0x00000000cab00000| Untracked 
|  14|0x00000000cac00000, 0x00000000cac00000, 0x00000000cad00000|  0%| F|  |TAMS 0x00000000cac00000, 0x00000000cac00000| Untracked 
|  15|0x00000000cad00000, 0x00000000cad00000, 0x00000000cae00000|  0%| F|  |TAMS 0x00000000cad00000, 0x00000000cad00000| Untracked 
|  16|0x00000000cae00000, 0x00000000cae00000, 0x00000000caf00000|  0%| F|  |TAMS 0x00000000cae00000, 0x00000000cae00000| Untracked 
|  17|0x00000000caf00000, 0x00000000caf00000, 0x00000000cb000000|  0%| F|  |TAMS 0x00000000caf00000, 0x00000000caf00000| Untracked 
|  18|0x00000000cb000000, 0x00000000cb000000, 0x00000000cb100000|  0%| F|  |TAMS 0x00000000cb000000, 0x00000000cb000000| Untracked 
|  19|0x00000000cb100000, 0x00000000cb100000, 0x00000000cb200000|  0%| F|  |TAMS 0x00000000cb100000, 0x00000000cb100000| Untracked 
|  20|0x00000000cb200000, 0x00000000cb200000, 0x00000000cb300000|  0%| F|  |TAMS 0x00000000cb200000, 0x00000000cb200000| Untracked 
|  21|0x00000000cb300000, 0x00000000cb300000, 0x00000000cb400000|  0%| F|  |TAMS 0x00000000cb300000, 0x00000000cb300000| Untracked 
|  22|0x00000000cb400000, 0x00000000cb400000, 0x00000000cb500000|  0%| F|  |TAMS 0x00000000cb400000, 0x00000000cb400000| Untracked 
|  23|0x00000000cb500000, 0x00000000cb500000, 0x00000000cb600000|  0%| F|  |TAMS 0x00000000cb500000, 0x00000000cb500000| Untracked 
|  24|0x00000000cb600000, 0x00000000cb600000, 0x00000000cb700000|  0%| F|  |TAMS 0x00000000cb600000, 0x00000000cb600000| Untracked 
|  25|0x00000000cb700000, 0x00000000cb700000, 0x00000000cb800000|  0%| F|  |TAMS 0x00000000cb700000, 0x00000000cb700000| Untracked 
|  26|0x00000000cb800000, 0x00000000cb800000, 0x00000000cb900000|  0%| F|  |TAMS 0x00000000cb800000, 0x00000000cb800000| Untracked 
|  27|0x00000000cb900000, 0x00000000cb900000, 0x00000000cba00000|  0%| F|  |TAMS 0x00000000cb900000, 0x00000000cb900000| Untracked 
|  28|0x00000000cba00000, 0x00000000cba00000, 0x00000000cbb00000|  0%| F|  |TAMS 0x00000000cba00000, 0x00000000cba00000| Untracked 
|  29|0x00000000cbb00000, 0x00000000cbb00000, 0x00000000cbc00000|  0%| F|  |TAMS 0x00000000cbb00000, 0x00000000cbb00000| Untracked 
|  30|0x00000000cbc00000, 0x00000000cbc00000, 0x00000000cbd00000|  0%| F|  |TAMS 0x00000000cbc00000, 0x00000000cbc00000| Untracked 
|  31|0x00000000cbd00000, 0x00000000cbd00000, 0x00000000cbe00000|  0%| F|  |TAMS 0x00000000cbd00000, 0x00000000cbd00000| Untracked 
|  32|0x00000000cbe00000, 0x00000000cbe00000, 0x00000000cbf00000|  0%| F|  |TAMS 0x00000000cbe00000, 0x00000000cbe00000| Untracked 
|  33|0x00000000cbf00000, 0x00000000cbf00000, 0x00000000cc000000|  0%| F|  |TAMS 0x00000000cbf00000, 0x00000000cbf00000| Untracked 
|  34|0x00000000cc000000, 0x00000000cc000000, 0x00000000cc100000|  0%| F|  |TAMS 0x00000000cc000000, 0x00000000cc000000| Untracked 
|  35|0x00000000cc100000, 0x00000000cc100000, 0x00000000cc200000|  0%| F|  |TAMS 0x00000000cc100000, 0x00000000cc100000| Untracked 
|  36|0x00000000cc200000, 0x00000000cc200000, 0x00000000cc300000|  0%| F|  |TAMS 0x00000000cc200000, 0x00000000cc200000| Untracked 
|  37|0x00000000cc300000, 0x00000000cc300000, 0x00000000cc400000|  0%| F|  |TAMS 0x00000000cc300000, 0x00000000cc300000| Untracked 
|  38|0x00000000cc400000, 0x00000000cc400000, 0x00000000cc500000|  0%| F|  |TAMS 0x00000000cc400000, 0x00000000cc400000| Untracked 
|  39|0x00000000cc500000, 0x00000000cc500000, 0x00000000cc600000|  0%| F|  |TAMS 0x00000000cc500000, 0x00000000cc500000| Untracked 
|  40|0x00000000cc600000, 0x00000000cc600000, 0x00000000cc700000|  0%| F|  |TAMS 0x00000000cc600000, 0x00000000cc600000| Untracked 
|  41|0x00000000cc700000, 0x00000000cc700000, 0x00000000cc800000|  0%| F|  |TAMS 0x00000000cc700000, 0x00000000cc700000| Untracked 
|  42|0x00000000cc800000, 0x00000000cc800000, 0x00000000cc900000|  0%| F|  |TAMS 0x00000000cc800000, 0x00000000cc800000| Untracked 
|  43|0x00000000cc900000, 0x00000000cc900000, 0x00000000cca00000|  0%| F|  |TAMS 0x00000000cc900000, 0x00000000cc900000| Untracked 
|  44|0x00000000cca00000, 0x00000000cca00000, 0x00000000ccb00000|  0%| F|  |TAMS 0x00000000cca00000, 0x00000000cca00000| Untracked 
|  45|0x00000000ccb00000, 0x00000000ccb00000, 0x00000000ccc00000|  0%| F|  |TAMS 0x00000000ccb00000, 0x00000000ccb00000| Untracked 
|  46|0x00000000ccc00000, 0x00000000ccc00000, 0x00000000ccd00000|  0%| F|  |TAMS 0x00000000ccc00000, 0x00000000ccc00000| Untracked 
|  47|0x00000000ccd00000, 0x00000000ccd00000, 0x00000000cce00000|  0%| F|  |TAMS 0x00000000ccd00000, 0x00000000ccd00000| Untracked 
|  48|0x00000000cce00000, 0x00000000cce00000, 0x00000000ccf00000|  0%| F|  |TAMS 0x00000000cce00000, 0x00000000cce00000| Untracked 
|  49|0x00000000ccf00000, 0x00000000cd000000, 0x00000000cd000000|100%| S|CS|TAMS 0x00000000ccf00000, 0x00000000ccf00000| Complete 
|  50|0x00000000cd000000, 0x00000000cd000000, 0x00000000cd100000|  0%| F|  |TAMS 0x00000000cd000000, 0x00000000cd000000| Untracked 
|  51|0x00000000cd100000, 0x00000000cd100000, 0x00000000cd200000|  0%| F|  |TAMS 0x00000000cd100000, 0x00000000cd100000| Untracked 
|  52|0x00000000cd200000, 0x00000000cd200000, 0x00000000cd300000|  0%| F|  |TAMS 0x00000000cd200000, 0x00000000cd200000| Untracked 
|  53|0x00000000cd300000, 0x00000000cd300000, 0x00000000cd400000|  0%| F|  |TAMS 0x00000000cd300000, 0x00000000cd300000| Untracked 
|  54|0x00000000cd400000, 0x00000000cd400000, 0x00000000cd500000|  0%| F|  |TAMS 0x00000000cd400000, 0x00000000cd400000| Untracked 
|  55|0x00000000cd500000, 0x00000000cd5e5bb8, 0x00000000cd600000| 89%| E|  |TAMS 0x00000000cd500000, 0x00000000cd500000| Complete 

Card table byte_map: [0x000002bc735a0000,0x000002bc73760000] _byte_map_base: 0x000002bc72f51000

Marking Bits (Prev, Next): (CMBitMap*) 0x000002bc738377d0, (CMBitMap*) 0x000002bc73837810
 Prev Bits: [0x000002bc77070000, 0x000002bc77df8000)
 Next Bits: [0x000002bc77e00000, 0x000002bc78b88000)

Polling page: 0x000002bc71620000

Metaspace:

Usage:
  Non-class:     11.78 MB used.
      Class:      1.24 MB used.
       Both:     13.01 MB used.

Virtual space:
  Non-class space:       16.00 MB reserved,      11.88 MB ( 74%) committed,  2 nodes.
      Class space:        1.00 GB reserved,       1.38 MB ( <1%) committed,  1 nodes.
             Both:        1.02 GB reserved,      13.25 MB (  1%) committed. 

Chunk freelists:
   Non-Class:  112.00 KB
       Class:  2.62 MB
        Both:  2.73 MB

MaxMetaspaceSize: unlimited
CompressedClassSpaceSize: 1.00 GB
Initial GC threshold: 21.00 MB
Current GC threshold: 21.00 MB
CDS: off
MetaspaceReclaimPolicy: balanced
 - commit_granule_bytes: 65536.
 - commit_granule_words: 8192.
 - virtual_space_node_default_size: 1048576.
 - enlarge_chunks_in_place: 1.
 - new_chunks_are_fully_committed: 0.
 - uncommit_free_chunks: 1.
 - use_allocation_guard: 0.
 - handle_deallocations: 1.


Internal statistics:

num_allocs_failed_limit: 0.
num_arena_births: 102.
num_arena_deaths: 0.
num_vsnodes_births: 3.
num_vsnodes_deaths: 0.
num_space_committed: 212.
num_space_uncommitted: 0.
num_chunks_returned_to_freelist: 0.
num_chunks_taken_from_freelist: 156.
num_chunk_merges: 0.
num_chunk_splits: 87.
num_chunks_enlarged: 45.
num_purges: 0.
num_inconsistent_stats: 0.

CodeHeap 'non-profiled nmethods': size=120064Kb used=200Kb max_used=200Kb free=119863Kb
 bounds [0x000002bc07ac0000, 0x000002bc07d30000, 0x000002bc0f000000]
CodeHeap 'profiled nmethods': size=120000Kb used=1178Kb max_used=1178Kb free=118822Kb
 bounds [0x000002bc00590000, 0x000002bc00800000, 0x000002bc07ac0000]
CodeHeap 'non-nmethods': size=5696Kb used=1236Kb max_used=1246Kb free=4459Kb
 bounds [0x000002bc00000000, 0x000002bc00270000, 0x000002bc00590000]
 total_blobs=1276 nmethods=724 adapters=465
 compilation: enabled
              stopped_count=0, restarted_count=0
 full_count=0

Compilation events (20 events):
Event: 0.550 Thread 0x000002bc7b948210 nmethod 714 0x000002bc006b0f10 code [0x000002bc006b10c0, 0x000002bc006b1358]
Event: 0.550 Thread 0x000002bc7b948210  715       3       java.lang.Character::toUpperCase (6 bytes)
Event: 0.550 Thread 0x000002bc7b948210 nmethod 715 0x000002bc006b1490 code [0x000002bc006b1640, 0x000002bc006b1898]
Event: 0.550 Thread 0x000002bc7b948210  716       3       java.util.TreeMap::parentOf (13 bytes)
Event: 0.550 Thread 0x000002bc7b948210 nmethod 716 0x000002bc006b1990 code [0x000002bc006b1b20, 0x000002bc006b1c98]
Event: 0.550 Thread 0x000002bc7b941110 nmethod 711 0x000002bc07af1110 code [0x000002bc07af12c0, 0x000002bc07af1748]
Event: 0.620 Thread 0x000002bc7b948210  717       3       jdk.internal.loader.NativeLibraries$NativeLibraryImpl::find (6 bytes)
Event: 0.620 Thread 0x000002bc7b948210 nmethod 717 0x000002bc006b1d90 code [0x000002bc006b1f20, 0x000002bc006b2048]
Event: 0.621 Thread 0x000002bc7b948210  719       3       java.lang.invoke.LambdaFormEditor$TransformKey::<init> (15 bytes)
Event: 0.621 Thread 0x000002bc7b948210 nmethod 719 0x000002bc006b2110 code [0x000002bc006b22a0, 0x000002bc006b2438]
Event: 0.621 Thread 0x000002bc7b948210  720       3       java.util.AbstractList::<init> (10 bytes)
Event: 0.621 Thread 0x000002bc7b941110  721       4       java.util.Objects::requireNonNull (14 bytes)
Event: 0.621 Thread 0x000002bc7b948210 nmethod 720 0x000002bc006b2510 code [0x000002bc006b26c0, 0x000002bc006b2898]
Event: 0.622 Thread 0x000002bc7b941110 nmethod 721 0x000002bc07af1e10 code [0x000002bc07af1f80, 0x000002bc07af1ff8]
Event: 0.623 Thread 0x000002bc7b948210  722       3       java.lang.invoke.DirectMethodHandle::make (275 bytes)
Event: 0.624 Thread 0x000002bc7b948210 nmethod 722 0x000002bc006b2990 code [0x000002bc006b2d20, 0x000002bc006b4138]
Event: 0.624 Thread 0x000002bc7b948210  723       3       java.lang.invoke.MemberName::isField (8 bytes)
Event: 0.624 Thread 0x000002bc7b948210 nmethod 723 0x000002bc006b4990 code [0x000002bc006b4b40, 0x000002bc006b4d78]
Event: 0.626 Thread 0x000002bc7b948210  724       3       java.util.HashMap::putVal (300 bytes)
Event: 0.627 Thread 0x000002bc7b948210 nmethod 724 0x000002bc006b4e90 code [0x000002bc006b5140, 0x000002bc006b6318]

GC Heap History (2 events):
Event: 0.463 GC heap before
{Heap before GC invocations=0 (full 0):
 garbage-first heap   total 57344K, used 6144K [0x00000000c9e00000, 0x0000000100000000)
  region size 1024K, 6 young (6144K), 0 survivors (0K)
 Metaspace       used 11632K, committed 11840K, reserved 1064960K
  class space    used 1055K, committed 1152K, reserved 1048576K
}
Event: 0.467 GC heap after
{Heap after GC invocations=1 (full 0):
 garbage-first heap   total 57344K, used 2523K [0x00000000c9e00000, 0x0000000100000000)
  region size 1024K, 1 young (1024K), 1 survivors (1024K)
 Metaspace       used 11632K, committed 11840K, reserved 1064960K
  class space    used 1055K, committed 1152K, reserved 1048576K
}

Deoptimization events (16 events):
Event: 0.181 Thread 0x000002bc737fcbf0 Uncommon trap: trap_request=0xffffff45 fr.pc=0x000002bc07ac6874 relative=0x0000000000000074
Event: 0.181 Thread 0x000002bc737fcbf0 Uncommon trap: reason=unstable_if action=reinterpret pc=0x000002bc07ac6874 method=java.lang.String.isLatin1()Z @ 10 c2
Event: 0.181 Thread 0x000002bc737fcbf0 DEOPT PACKING pc=0x000002bc07ac6874 sp=0x000000dcbcbff100
Event: 0.181 Thread 0x000002bc737fcbf0 DEOPT UNPACKING pc=0x000002bc000523a3 sp=0x000000dcbcbff040 mode 2
Event: 0.509 Thread 0x000002bc737fcbf0 Uncommon trap: trap_request=0xffffff45 fr.pc=0x000002bc07ae6b9c relative=0x000000000000091c
Event: 0.509 Thread 0x000002bc737fcbf0 Uncommon trap: reason=unstable_if action=reinterpret pc=0x000002bc07ae6b9c method=java.util.HashMap.hash(Ljava/lang/Object;)I @ 1 c2
Event: 0.509 Thread 0x000002bc737fcbf0 DEOPT PACKING pc=0x000002bc07ae6b9c sp=0x000000dcbcbfea40
Event: 0.509 Thread 0x000002bc737fcbf0 DEOPT UNPACKING pc=0x000002bc000523a3 sp=0x000000dcbcbfe9d0 mode 2
Event: 0.537 Thread 0x000002bc737fcbf0 Uncommon trap: trap_request=0xffffff45 fr.pc=0x000002bc07adbe40 relative=0x0000000000000340
Event: 0.537 Thread 0x000002bc737fcbf0 Uncommon trap: reason=unstable_if action=reinterpret pc=0x000002bc07adbe40 method=java.lang.StringUTF16.compress([CI[BII)I @ 20 c2
Event: 0.537 Thread 0x000002bc737fcbf0 DEOPT PACKING pc=0x000002bc07adbe40 sp=0x000000dcbcbfd9e0
Event: 0.537 Thread 0x000002bc737fcbf0 DEOPT UNPACKING pc=0x000002bc000523a3 sp=0x000000dcbcbfd960 mode 2
Event: 0.626 Thread 0x000002bc737fcbf0 Uncommon trap: trap_request=0xffffff45 fr.pc=0x000002bc07acc5ec relative=0x000000000000080c
Event: 0.626 Thread 0x000002bc737fcbf0 Uncommon trap: reason=unstable_if action=reinterpret pc=0x000002bc07acc5ec method=java.util.HashMap.putVal(ILjava/lang/Object;Ljava/lang/Object;ZZ)Ljava/lang/Object; @ 181 c2
Event: 0.626 Thread 0x000002bc737fcbf0 DEOPT PACKING pc=0x000002bc07acc5ec sp=0x000000dcbcbfe380
Event: 0.626 Thread 0x000002bc737fcbf0 DEOPT UNPACKING pc=0x000002bc000523a3 sp=0x000000dcbcbfe320 mode 2

Classes unloaded (0 events):
No events

Classes redefined (0 events):
No events

Internal exceptions (15 events):
Event: 0.144 Thread 0x000002bc737fcbf0 Exception <a 'java/lang/NoSuchMethodError'{0x00000000cd5e9c70}: 'void java.lang.invoke.DirectMethodHandle$Holder.invokeVirtual(java.lang.Object, java.lang.Object)'> (0x00000000cd5e9c70) 
thrown [s\src\hotspot\share\interpreter\linkResolver.cpp, line 759]
Event: 0.201 Thread 0x000002bc737fcbf0 Exception <a 'sun/nio/fs/WindowsException'{0x00000000cd4a5608}> (0x00000000cd4a5608) 
thrown [s\src\hotspot\share\prims\jni.cpp, line 516]
Event: 0.206 Thread 0x000002bc737fcbf0 Exception <a 'java/lang/ClassNotFoundException'{0x00000000cd4abbb8}: sun/awt/resources/spi/awtProvider> (0x00000000cd4abbb8) 
thrown [s\src\hotspot\share\classfile\systemDictionary.cpp, line 256]
Event: 0.233 Thread 0x000002bc737fcbf0 Exception <a 'java/io/FileNotFoundException'{0x00000000cd3012c8}> (0x00000000cd3012c8) 
thrown [s\src\hotspot\share\prims\jni.cpp, line 516]
Event: 0.242 Thread 0x000002bc737fcbf0 Exception <a 'java/io/FileNotFoundException'{0x00000000cd32e4f0}> (0x00000000cd32e4f0) 
thrown [s\src\hotspot\share\prims\jni.cpp, line 516]
Event: 0.279 Thread 0x000002bc737fcbf0 Exception <a 'java/lang/NoSuchMethodError'{0x00000000cd360ce8}: 'java.lang.Object java.lang.invoke.DirectMethodHandle$Holder.invokeStaticInit(java.lang.Object)'> (0x00000000cd360ce8) 
thrown [s\src\hotspot\share\interpreter\linkResolver.cpp, line 759]
Event: 0.387 Thread 0x000002bc7bdc7af0 Exception <a 'java/lang/NoSuchMethodError'{0x00000000cd139008}: 'java.lang.Object java.lang.invoke.DirectMethodHandle$Holder.newInvokeSpecial(java.lang.Object, java.lang.Object, java.lang.Object, int, int, int, int, int)'> (0x00000000cd139008) 
thrown [s\src\hotspot\share\interpreter\linkResolver.cpp, line 759]
Event: 0.409 Thread 0x000002bc737fcbf0 Exception <a 'sun/nio/fs/WindowsException'{0x00000000cd013040}> (0x00000000cd013040) 
thrown [s\src\hotspot\share\prims\jni.cpp, line 516]
Event: 0.436 Thread 0x000002bc737fcbf0 Exception <a 'java/lang/NoSuchMethodError'{0x00000000cd04bb08}: 'void java.lang.invoke.DirectMethodHandle$Holder.invokeSpecial(java.lang.Object, java.lang.Object, java.lang.Object)'> (0x00000000cd04bb08) 
thrown [s\src\hotspot\share\interpreter\linkResolver.cpp, line 759]
Event: 0.446 Thread 0x000002bc737fcbf0 Exception <a 'java/lang/NoSuchMethodError'{0x00000000cd075c48}: 'java.lang.Object java.lang.invoke.DirectMethodHandle$Holder.newInvokeSpecial(java.lang.Object, java.lang.Object, java.lang.Object, java.lang.Object, java.lang.Object)'> (0x00000000cd075c48) 
thrown [s\src\hotspot\share\interpreter\linkResolver.cpp, line 759]
Event: 0.447 Thread 0x000002bc737fcbf0 Exception <a 'java/lang/NoSuchMethodError'{0x00000000cd081858}: 'java.lang.Object java.lang.invoke.DirectMethodHandle$Holder.invokeStatic(java.lang.Object, int, java.lang.Object, java.lang.Object, java.lang.Object, java.lang.Object)'> (0x00000000cd081858) 
thrown [s\src\hotspot\share\interpreter\linkResolver.cpp, line 759]
Event: 0.452 Thread 0x000002bc737fcbf0 Exception <a 'java/lang/NoSuchMethodError'{0x00000000cd0a74a8}: 'java.lang.Object java.lang.invoke.DirectMethodHandle$Holder.invokeStatic(java.lang.Object, int, java.lang.Object)'> (0x00000000cd0a74a8) 
thrown [s\src\hotspot\share\interpreter\linkResolver.cpp, line 759]
Event: 0.500 Thread 0x000002bc737fcbf0 Exception <a 'java/lang/ClassNotFoundException'{0x00000000cd56db28}: com/sun/swing/internal/plaf/metal/resources/spi/metalProvider> (0x00000000cd56db28) 
thrown [s\src\hotspot\share\classfile\systemDictionary.cpp, line 256]
Event: 0.501 Thread 0x000002bc737fcbf0 Exception <a 'java/lang/ClassNotFoundException'{0x00000000cd572308}: com/sun/swing/internal/plaf/basic/resources/spi/basicProvider> (0x00000000cd572308) 
thrown [s\src\hotspot\share\classfile\systemDictionary.cpp, line 256]
Event: 0.509 Thread 0x000002bc737fcbf0 Implicit null exception at 0x000002bc07ae62be to 0x000002bc07ae6b81

VM Operations (8 events):
Event: 0.164 Executing VM operation: HandshakeAllThreads
Event: 0.164 Executing VM operation: HandshakeAllThreads done
Event: 0.463 Executing VM operation: G1CollectForAllocation
Event: 0.467 Executing VM operation: G1CollectForAllocation done
Event: 0.515 Executing VM operation: HandshakeAllThreads
Event: 0.515 Executing VM operation: HandshakeAllThreads done
Event: 0.549 Executing VM operation: HandshakeAllThreads
Event: 0.549 Executing VM operation: HandshakeAllThreads done

Events (20 events):
Event: 0.624 loading class jdk/internal/access/JavaIORandomAccessFileAccess
Event: 0.624 loading class jdk/internal/access/JavaIORandomAccessFileAccess done
Event: 0.624 loading class java/io/RandomAccessFile$2 done
Event: 0.624 loading class java/nio/channels/spi/AbstractInterruptibleChannel$1
Event: 0.624 loading class sun/nio/ch/Interruptible
Event: 0.624 loading class sun/nio/ch/Interruptible done
Event: 0.624 loading class java/nio/channels/spi/AbstractInterruptibleChannel$1 done
Event: 0.625 loading class java/nio/ByteBufferAsIntBufferB
Event: 0.625 loading class java/nio/ByteBufferAsIntBufferB done
Event: 0.625 loading class sun/font/TrueTypeFont$DirectoryEntry
Event: 0.625 loading class sun/font/TrueTypeFont$DirectoryEntry done
Event: 0.625 loading class java/nio/ByteBufferAsShortBufferB
Event: 0.625 loading class java/nio/ShortBuffer
Event: 0.626 loading class java/nio/ShortBuffer done
Event: 0.626 loading class java/nio/ByteBufferAsShortBufferB done
Event: 0.626 loading class sun/nio/cs/UTF_16$Decoder
Event: 0.626 loading class sun/nio/cs/UnicodeDecoder
Event: 0.626 loading class sun/nio/cs/UnicodeDecoder done
Event: 0.626 loading class sun/nio/cs/UTF_16$Decoder done
Event: 0.626 loading class java/nio/CharBuffer


Dynamic libraries:
0x00007ff726d20000 - 0x00007ff726d2e000 	C:\Eclipse\eclipse escritorio\plugins\org.eclipse.justj.openjdk.hotspot.jre.full.win32.x86_64_17.0.4.v20220903-1038\jre\bin\javaw.exe
0x00007ffbab210000 - 0x00007ffbab408000 	C:\WINDOWS\SYSTEM32\ntdll.dll
0x00007ffba9b40000 - 0x00007ffba9bff000 	C:\WINDOWS\System32\KERNEL32.DLL
0x00007ffba8d50000 - 0x00007ffba902a000 	C:\WINDOWS\System32\KERNELBASE.dll
0x00007ffba8920000 - 0x00007ffba8a20000 	C:\WINDOWS\System32\ucrtbase.dll
0x00007ffba3d10000 - 0x00007ffba3d29000 	C:\Eclipse\eclipse escritorio\plugins\org.eclipse.justj.openjdk.hotspot.jre.full.win32.x86_64_17.0.4.v20220903-1038\jre\bin\VCRUNTIME140.dll
0x00007ffb9f760000 - 0x00007ffb9f778000 	C:\Eclipse\eclipse escritorio\plugins\org.eclipse.justj.openjdk.hotspot.jre.full.win32.x86_64_17.0.4.v20220903-1038\jre\bin\jli.dll
0x00007ffbaa0c0000 - 0x00007ffbaa25d000 	C:\WINDOWS\System32\USER32.dll
0x00007ffba8cb0000 - 0x00007ffba8cd2000 	C:\WINDOWS\System32\win32u.dll
0x00007ffba99e0000 - 0x00007ffba9a0b000 	C:\WINDOWS\System32\GDI32.dll
0x00007ffb98c60000 - 0x00007ffb98efa000 	C:\WINDOWS\WinSxS\amd64_microsoft.windows.common-controls_6595b64144ccf1df_6.0.19041.1110_none_60b5254171f9507e\COMCTL32.dll
0x00007ffba8b00000 - 0x00007ffba8c10000 	C:\WINDOWS\System32\gdi32full.dll
0x00007ffbaa8a0000 - 0x00007ffbaa93e000 	C:\WINDOWS\System32\msvcrt.dll
0x00007ffba8c10000 - 0x00007ffba8cad000 	C:\WINDOWS\System32\msvcp_win.dll
0x00007ffbaa350000 - 0x00007ffbaa380000 	C:\WINDOWS\System32\IMM32.DLL
0x0000000071db0000 - 0x0000000071dbc000 	C:\Program Files (x86)\360\Total Security\safemon\SafeWrapper.dll
0x00007ffba9ee0000 - 0x00007ffba9f8e000 	C:\WINDOWS\System32\ADVAPI32.dll
0x00007ffbaa800000 - 0x00007ffbaa89c000 	C:\WINDOWS\System32\sechost.dll
0x00007ffba9a10000 - 0x00007ffba9b36000 	C:\WINDOWS\System32\RPCRT4.dll
0x00007ffb8abf0000 - 0x00007ffb8ac82000 	C:\Program Files (x86)\360\Total Security\safemon\libzdtp64.dll
0x00007ffba9270000 - 0x00007ffba99b4000 	C:\WINDOWS\System32\SHELL32.dll
0x00007ffbab170000 - 0x00007ffbab1c5000 	C:\WINDOWS\System32\SHLWAPI.dll
0x00007ffba83f0000 - 0x00007ffba83fa000 	C:\WINDOWS\SYSTEM32\VERSION.dll
0x00007ffb9f750000 - 0x00007ffb9f75c000 	C:\Eclipse\eclipse escritorio\plugins\org.eclipse.justj.openjdk.hotspot.jre.full.win32.x86_64_17.0.4.v20220903-1038\jre\bin\vcruntime140_1.dll
0x00007ffb88610000 - 0x00007ffb886a1000 	C:\Eclipse\eclipse escritorio\plugins\org.eclipse.justj.openjdk.hotspot.jre.full.win32.x86_64_17.0.4.v20220903-1038\jre\bin\msvcp140.dll
0x00007ffb71cd0000 - 0x00007ffb72916000 	C:\Eclipse\eclipse escritorio\plugins\org.eclipse.justj.openjdk.hotspot.jre.full.win32.x86_64_17.0.4.v20220903-1038\jre\bin\server\jvm.dll
0x00007ffba9e70000 - 0x00007ffba9e78000 	C:\WINDOWS\System32\PSAPI.DLL
0x00007ffb9c5a0000 - 0x00007ffb9c5c7000 	C:\WINDOWS\SYSTEM32\WINMM.dll
0x00007ffb9f730000 - 0x00007ffb9f739000 	C:\WINDOWS\SYSTEM32\WSOCK32.dll
0x00007ffbaa390000 - 0x00007ffbaa3fb000 	C:\WINDOWS\System32\WS2_32.dll
0x00007ffba7370000 - 0x00007ffba7382000 	C:\WINDOWS\SYSTEM32\kernel.appcore.dll
0x00007ffb9f720000 - 0x00007ffb9f72a000 	C:\Eclipse\eclipse escritorio\plugins\org.eclipse.justj.openjdk.hotspot.jre.full.win32.x86_64_17.0.4.v20220903-1038\jre\bin\jimage.dll
0x00007ffba6f20000 - 0x00007ffba7104000 	C:\WINDOWS\SYSTEM32\DBGHELP.DLL
0x00007ffba0d40000 - 0x00007ffba0d74000 	C:\WINDOWS\SYSTEM32\dbgcore.DLL
0x00007ffba8a70000 - 0x00007ffba8af2000 	C:\WINDOWS\System32\bcryptPrimitives.dll
0x00007ffb9f6f0000 - 0x00007ffb9f715000 	C:\Eclipse\eclipse escritorio\plugins\org.eclipse.justj.openjdk.hotspot.jre.full.win32.x86_64_17.0.4.v20220903-1038\jre\bin\java.dll
0x00007ffb9f460000 - 0x00007ffb9f478000 	C:\Eclipse\eclipse escritorio\plugins\org.eclipse.justj.openjdk.hotspot.jre.full.win32.x86_64_17.0.4.v20220903-1038\jre\bin\zip.dll
0x00007ffba6610000 - 0x00007ffba6da3000 	C:\WINDOWS\SYSTEM32\windows.storage.dll
0x00007ffbaae10000 - 0x00007ffbab164000 	C:\WINDOWS\System32\combase.dll
0x00007ffba8230000 - 0x00007ffba825e000 	C:\WINDOWS\SYSTEM32\Wldp.dll
0x00007ffba9dc0000 - 0x00007ffba9e6d000 	C:\WINDOWS\System32\SHCORE.dll
0x00007ffba8860000 - 0x00007ffba887f000 	C:\WINDOWS\SYSTEM32\profapi.dll
0x00007ffb9f440000 - 0x00007ffb9f459000 	C:\Eclipse\eclipse escritorio\plugins\org.eclipse.justj.openjdk.hotspot.jre.full.win32.x86_64_17.0.4.v20220903-1038\jre\bin\net.dll
0x00007ffb9fd70000 - 0x00007ffb9fe7a000 	C:\WINDOWS\SYSTEM32\WINHTTP.dll
0x00007ffba7f90000 - 0x00007ffba7ffa000 	C:\WINDOWS\system32\mswsock.dll
0x00007ffb9f420000 - 0x00007ffb9f435000 	C:\Eclipse\eclipse escritorio\plugins\org.eclipse.justj.openjdk.hotspot.jre.full.win32.x86_64_17.0.4.v20220903-1038\jre\bin\nio.dll
0x00007ffb7ccf0000 - 0x00007ffb7ce7e000 	C:\Eclipse\eclipse escritorio\plugins\org.eclipse.justj.openjdk.hotspot.jre.full.win32.x86_64_17.0.4.v20220903-1038\jre\bin\awt.dll
0x00007ffba9f90000 - 0x00007ffbaa05d000 	C:\WINDOWS\System32\OLEAUT32.dll
0x00007ffba5e10000 - 0x00007ffba5ea0000 	C:\WINDOWS\SYSTEM32\apphelp.dll
0x00007ffba5f80000 - 0x00007ffba601e000 	C:\WINDOWS\system32\uxtheme.dll
0x00007ffbaa630000 - 0x00007ffbaa744000 	C:\WINDOWS\System32\MSCTF.dll
0x00007ffba9c90000 - 0x00007ffba9dba000 	C:\WINDOWS\System32\ole32.dll
0x00007ffb92f20000 - 0x00007ffb92f4d000 	C:\Eclipse\eclipse escritorio\plugins\org.eclipse.justj.openjdk.hotspot.jre.full.win32.x86_64_17.0.4.v20220903-1038\jre\bin\javajpeg.dll
0x00007ffba6370000 - 0x00007ffba639f000 	C:\WINDOWS\system32\DWMAPI.DLL
0x00007ffb808a0000 - 0x00007ffb80926000 	C:\Eclipse\eclipse escritorio\plugins\org.eclipse.justj.openjdk.hotspot.jre.full.win32.x86_64_17.0.4.v20220903-1038\jre\bin\freetype.dll
0x00007ffb7f1d0000 - 0x00007ffb7f278000 	C:\Eclipse\eclipse escritorio\plugins\org.eclipse.justj.openjdk.hotspot.jre.full.win32.x86_64_17.0.4.v20220903-1038\jre\bin\fontmanager.dll
0x00007ffb7de90000 - 0x00007ffb7dfb5000 	C:\WINDOWS\system32\opengl32.dll
0x00007ffb7f4d0000 - 0x00007ffb7f4fc000 	C:\WINDOWS\SYSTEM32\GLU32.dll
0x00007ffb7dfc0000 - 0x00007ffb7e18d000 	C:\WINDOWS\system32\d3d9.dll
0x00007ffb93fd0000 - 0x00007ffb9418b000 	C:\WINDOWS\System32\DriverStore\FileRepository\u0385914.inf_amd64_728327554da2f068\B382773\aticfx64.dll
0x00007ffb91660000 - 0x00007ffb91694000 	C:\WINDOWS\System32\DriverStore\FileRepository\u0385914.inf_amd64_728327554da2f068\B382773\atiu9p64.dll
0x00007ffb5cd00000 - 0x00007ffb5da55000 	C:\WINDOWS\System32\DriverStore\FileRepository\u0385914.inf_amd64_728327554da2f068\B382773\atiumd64.dll
0x0000000070bc0000 - 0x0000000071ae7000 	C:\WINDOWS\System32\DriverStore\FileRepository\u0385914.inf_amd64_728327554da2f068\B382773\atiumd6a.dll
0x00007ffbaa940000 - 0x00007ffbaada8000 	C:\WINDOWS\System32\SETUPAPI.dll
0x00007ffba8a20000 - 0x00007ffba8a6e000 	C:\WINDOWS\System32\cfgmgr32.dll
0x00007ffba9190000 - 0x00007ffba91b7000 	C:\WINDOWS\System32\bcrypt.dll
0x00007ffba8790000 - 0x00007ffba87db000 	C:\WINDOWS\SYSTEM32\POWRPROF.dll
0x00007ffba8770000 - 0x00007ffba8782000 	C:\WINDOWS\SYSTEM32\UMPDC.dll
0x00007ffba0160000 - 0x00007ffba0195000 	C:\WINDOWS\SYSTEM32\amdihk64.dll
0x00007ffba3c60000 - 0x00007ffba3c9b000 	C:\WINDOWS\SYSTEM32\dxcore.dll

dbghelp: loaded successfully - version: 4.0.5 - missing functions: none
symbol engine: initialized successfully - sym options: 0x614 - pdb path: .;C:\Eclipse\eclipse escritorio\plugins\org.eclipse.justj.openjdk.hotspot.jre.full.win32.x86_64_17.0.4.v20220903-1038\jre\bin;C:\WINDOWS\SYSTEM32;C:\WINDOWS\WinSxS\amd64_microsoft.windows.common-controls_6595b64144ccf1df_6.0.19041.1110_none_60b5254171f9507e;C:\Program Files (x86)\360\Total Security\safemon;C:\Eclipse\eclipse escritorio\plugins\org.eclipse.justj.openjdk.hotspot.jre.full.win32.x86_64_17.0.4.v20220903-1038\jre\bin\server;C:\WINDOWS\System32\DriverStore\FileRepository\u0385914.inf_amd64_728327554da2f068\B382773

VM Arguments:
jvm_args: -Dfile.encoding=UTF-8 --module-path=C:\Eclipse\workspace\FinalProjectBank\bin -XX:+ShowCodeDetailsInExceptionMessages -Djdk.module.main=FinalProjectBank 
java_command: FinalProjectBank/co.edu.uptc.presenter.Presenter
java_class_path (initial): <not set>
Launcher Type: SUN_STANDARD

[Global flags]
     intx CICompilerCount                          = 2                                         {product} {ergonomic}
     uint ConcGCThreads                            = 1                                         {product} {ergonomic}
     uint G1ConcRefinementThreads                  = 2                                         {product} {ergonomic}
   size_t G1HeapRegionSize                         = 1048576                                   {product} {ergonomic}
    uintx GCDrainStackTargetSize                   = 64                                        {product} {ergonomic}
   size_t InitialHeapSize                          = 58720256                                  {product} {ergonomic}
   size_t MarkStackSize                            = 4194304                                   {product} {ergonomic}
   size_t MaxHeapSize                              = 908066816                                 {product} {ergonomic}
   size_t MaxNewSize                               = 544210944                                 {product} {ergonomic}
   size_t MinHeapDeltaBytes                        = 1048576                                   {product} {ergonomic}
   size_t MinHeapSize                              = 8388608                                   {product} {ergonomic}
    uintx NonNMethodCodeHeapSize                   = 5826188                                {pd product} {ergonomic}
    uintx NonProfiledCodeHeapSize                  = 122916026                              {pd product} {ergonomic}
    uintx ProfiledCodeHeapSize                     = 122916026                              {pd product} {ergonomic}
    uintx ReservedCodeCacheSize                    = 251658240                              {pd product} {ergonomic}
     bool SegmentedCodeCache                       = true                                      {product} {ergonomic}
     bool ShowCodeDetailsInExceptionMessages       = true                                   {manageable} {command line}
   size_t SoftMaxHeapSize                          = 908066816                              {manageable} {ergonomic}
     bool UseCompressedClassPointers               = true                           {product lp64_product} {ergonomic}
     bool UseCompressedOops                        = true                           {product lp64_product} {ergonomic}
     bool UseG1GC                                  = true                                      {product} {ergonomic}
     bool UseLargePagesIndividualAllocation        = false                                  {pd product} {ergonomic}

Logging:
Log output configuration:
 #0: stdout all=warning uptime,level,tags
 #1: stderr all=off uptime,level,tags

Environment Variables:
JAVA_HOME=C:\Program Files\Java\jdk-19
PATH=C:/Eclipse/eclipse escritorio//plugins/org.eclipse.justj.openjdk.hotspot.jre.full.win32.x86_64_17.0.4.v20220903-1038/jre/bin/server;C:/Eclipse/eclipse escritorio//plugins/org.eclipse.justj.openjdk.hotspot.jre.full.win32.x86_64_17.0.4.v20220903-1038/jre/bin;C:\Program Files\Common Files\Oracle\Java\javapath;C:\Program Files (x86)\Common Files\Oracle\Java\javapath;C:\WINDOWS\system32;C:\WINDOWS;C:\WINDOWS\System32\Wbem;C:\WINDOWS\System32\WindowsPowerShell\v1.0\;C:\WINDOWS\System32\OpenSSH\;C:\Users\Lenovo\OneDrive\Documentos\Programacion\java19s1\jdk-19\bin;C:\Users\Lenovo\AppData\Local\Programs\Python\Python311\Scripts\;C:\Users\Lenovo\AppData\Local\Programs\Python\Python311\;C:\Users\Lenovo\AppData\Local\Microsoft\WindowsApps;C:\Program Files\Java\jdk-19\bin;C:\Users\Lenovo\AppData\Local\Programs\Microsoft VS Code\bin;;C:\Eclipse\eclipse escritorio;
USERNAME=Lenovo
OS=Windows_NT
PROCESSOR_IDENTIFIER=AMD64 Family 23 Model 24 Stepping 1, AuthenticAMD
TMP=C:\Users\Lenovo\AppData\Local\Temp
TEMP=C:\Users\Lenovo\AppData\Local\Temp



---------------  S Y S T E M  ---------------

OS:
 Windows 10 , 64 bit Build 19041 (10.0.19041.2788)
OS uptime: 14 days 0:33 hours

CPU: total 2 (initial active 2) (2 cores per cpu, 1 threads per core) family 23 model 24 stepping 1 microcode 0x0, cx8, cmov, fxsr, mmx, 3dnowpref, sse, sse2, sse3, ssse3, sse4a, sse4.1, sse4.2, popcnt, lzcnt, tsc, tscinvbit, avx, avx2, aes, clmul, bmi1, bmi2, adx, sha, fma, vzeroupper, clflush, clflushopt

Memory: 4k page, system-wide physical 3460M (386M free)
TotalPageFile size 6148M (AvailPageFile size 3M)
current process WorkingSet (physical memory assigned to process): 68M, peak: 68M
current process commit charge ("private bytes"): 143M, peak: 143M

vm_info: OpenJDK 64-Bit Server VM (17.0.4.1+1) for windows-amd64 JRE (17.0.4.1+1), built on Aug 17 2022 07:42:43 by "temurin" with MS VC++ 16.7 (VS2019)

END.
