#
# There is insufficient memory for the Java Runtime Environment to continue.
# Native memory allocation (mmap) failed to map 58720256 bytes for G1 virtual space
# Possible reasons:
#   The system is out of physical RAM or swap space
#   The process is running with CompressedOops enabled, and the Java Heap may be blocking the growth of the native heap
# Possible solutions:
#   Reduce memory load on the system
#   Increase physical memory or swap space
#   Check if swap backing store is full
#   Decrease Java heap size (-Xmx/-Xms)
#   Decrease number of Java threads
#   Decrease Java thread stack sizes (-Xss)
#   Set larger code cache with -XX:ReservedCodeCacheSize=
#   JVM is running with Unscaled Compressed Oops mode in which the Java heap is
#     placed in the first 4GB address space. The Java Heap base address is the
#     maximum limit for the native heap growth. Please use -XX:HeapBaseMinAddress
#     to set the Java Heap base and to place the Java Heap above 4GB virtual address.
# This output file may be truncated or incomplete.
#
#  Out of Memory Error (os_windows.cpp:3541), pid=21064, tid=9396
#
# JRE version:  (17.0.4.1+1) (build )
# Java VM: OpenJDK 64-Bit Server VM (17.0.4.1+1, mixed mode, sharing, tiered, compressed oops, compressed class ptrs, g1 gc, windows-amd64)
# No core dump will be written. Minidumps are not enabled by default on client versions of Windows
#

---------------  S U M M A R Y ------------

Command Line: -Dfile.encoding=UTF-8 --module-path=C:\Eclipse\workspace\FinalProjectBank\bin -XX:+ShowCodeDetailsInExceptionMessages -Djdk.module.main=FinalProjectBank FinalProjectBank/co.edu.uptc.presenter.Presenter

Host: AMD Athlon Silver 3050U with Radeon Graphics   , 2 cores, 3G,  Windows 10 , 64 bit Build 19041 (10.0.19041.2788)
Time: Fri May  5 12:02:49 2023 Hora est. Pacífico, Sudamérica elapsed time: 0.290038 seconds (0d 0h 0m 0s)

---------------  T H R E A D  ---------------

Current thread (0x0000021f0e1ebea0):  JavaThread "Unknown thread" [_thread_in_vm, id=9396, stack(0x000000aa90800000,0x000000aa90900000)]

Stack: [0x000000aa90800000,0x000000aa90900000]
Native frames: (J=compiled Java code, j=interpreted, Vv=VM code, C=native code)
V  [jvm.dll+0x67731a]
V  [jvm.dll+0x832284]
V  [jvm.dll+0x833a2e]
V  [jvm.dll+0x834093]
V  [jvm.dll+0x245775]
V  [jvm.dll+0x674209]
V  [jvm.dll+0x668a92]
V  [jvm.dll+0x30471b]
V  [jvm.dll+0x30bc66]
V  [jvm.dll+0x35ba9e]
V  [jvm.dll+0x35bccf]
V  [jvm.dll+0x2db5b8]
V  [jvm.dll+0x2dc524]
V  [jvm.dll+0x803db1]
V  [jvm.dll+0x3698f1]
V  [jvm.dll+0x7e31bc]
V  [jvm.dll+0x3ec25f]
V  [jvm.dll+0x3edde1]
C  [jli.dll+0x5277]
C  [ucrtbase.dll+0x21bb2]
C  [KERNEL32.DLL+0x17604]
C  [ntdll.dll+0x526a1]


---------------  P R O C E S S  ---------------

Threads class SMR info:
_java_thread_list=0x00007ffb75d74e98, length=0, elements={
}

Java Threads: ( => current thread )

Other Threads:
  0x0000021f0e2241e0 GCTaskThread "GC Thread#0" [stack: 0x000000aa90900000,0x000000aa90a00000] [id=16920]
  0x0000021f0e22cc80 ConcurrentGCThread "G1 Main Marker" [stack: 0x000000aa90a00000,0x000000aa90b00000] [id=20000]
  0x0000021f0e22e2f0 ConcurrentGCThread "G1 Conc#0" [stack: 0x000000aa90b00000,0x000000aa90c00000] [id=23280]

[error occurred during error reporting (printing all threads), id 0xc0000005, EXCEPTION_ACCESS_VIOLATION (0xc0000005) at pc=0x00007ffb7554c047]

VM state: not at safepoint (not fully initialized)

VM Mutex/Monitor currently owned by a thread:  ([mutex/lock_event])
[0x0000021f0e1e6ff0] Heap_lock - owner thread: 0x0000021f0e1ebea0

Heap address: 0x00000000c9e00000, size: 866 MB, Compressed Oops mode: 32-bit

CDS archive(s) mapped at: [0x0000000000000000-0x0000000000000000-0x0000000000000000), size 0, SharedBaseAddress: 0x0000000800000000, ArchiveRelocationMode: 0.
Narrow klass base: 0x0000000000000000, Narrow klass shift: 0, Narrow klass range: 0x0

GC Precious Log:
<Empty>

Heap:
 garbage-first heap   total 0K, used 0K [0x00000000c9e00000, 0x0000000100000000)
  region size 1024K, 0 young (0K), 0 survivors (0K)

[error occurred during error reporting (printing heap information), id 0xc0000005, EXCEPTION_ACCESS_VIOLATION (0xc0000005) at pc=0x00007ffb75930699]

GC Heap History (0 events):
No events

Deoptimization events (0 events):
No events

Classes unloaded (0 events):
No events

Classes redefined (0 events):
No events

Internal exceptions (0 events):
No events

VM Operations (0 events):
No events

Events (1 events):
Event: 0.013 Loaded shared library C:\Eclipse\eclipse escritorio\plugins\org.eclipse.justj.openjdk.hotspot.jre.full.win32.x86_64_17.0.4.v20220903-1038\jre\bin\java.dll


Dynamic libraries:
0x00007ff642100000 - 0x00007ff64210e000 	C:\Eclipse\eclipse escritorio\plugins\org.eclipse.justj.openjdk.hotspot.jre.full.win32.x86_64_17.0.4.v20220903-1038\jre\bin\javaw.exe
0x00007ffbab210000 - 0x00007ffbab408000 	C:\WINDOWS\SYSTEM32\ntdll.dll
0x00007ffba9b40000 - 0x00007ffba9bff000 	C:\WINDOWS\System32\KERNEL32.DLL
0x00007ffba8d50000 - 0x00007ffba902a000 	C:\WINDOWS\System32\KERNELBASE.dll
0x00007ffba8920000 - 0x00007ffba8a20000 	C:\WINDOWS\System32\ucrtbase.dll
0x00007ffba4c60000 - 0x00007ffba4c78000 	C:\Eclipse\eclipse escritorio\plugins\org.eclipse.justj.openjdk.hotspot.jre.full.win32.x86_64_17.0.4.v20220903-1038\jre\bin\jli.dll
0x00007ffbaa0c0000 - 0x00007ffbaa25d000 	C:\WINDOWS\System32\USER32.dll
0x00007ffba8cb0000 - 0x00007ffba8cd2000 	C:\WINDOWS\System32\win32u.dll
0x00007ffba99e0000 - 0x00007ffba9a0b000 	C:\WINDOWS\System32\GDI32.dll
0x00007ffba8b00000 - 0x00007ffba8c10000 	C:\WINDOWS\System32\gdi32full.dll
0x00007ffba8c10000 - 0x00007ffba8cad000 	C:\WINDOWS\System32\msvcp_win.dll
0x00007ffb9ff40000 - 0x00007ffb9ff59000 	C:\Eclipse\eclipse escritorio\plugins\org.eclipse.justj.openjdk.hotspot.jre.full.win32.x86_64_17.0.4.v20220903-1038\jre\bin\VCRUNTIME140.dll
0x00007ffb98c60000 - 0x00007ffb98efa000 	C:\WINDOWS\WinSxS\amd64_microsoft.windows.common-controls_6595b64144ccf1df_6.0.19041.1110_none_60b5254171f9507e\COMCTL32.dll
0x00007ffbaa8a0000 - 0x00007ffbaa93e000 	C:\WINDOWS\System32\msvcrt.dll
0x00007ffbaa350000 - 0x00007ffbaa380000 	C:\WINDOWS\System32\IMM32.DLL
0x0000000071db0000 - 0x0000000071dbc000 	C:\Program Files (x86)\360\Total Security\safemon\SafeWrapper.dll
0x00007ffba9ee0000 - 0x00007ffba9f8e000 	C:\WINDOWS\System32\ADVAPI32.dll
0x00007ffbaa800000 - 0x00007ffbaa89c000 	C:\WINDOWS\System32\sechost.dll
0x00007ffba9a10000 - 0x00007ffba9b36000 	C:\WINDOWS\System32\RPCRT4.dll
0x00007ffb92a50000 - 0x00007ffb92ae2000 	C:\Program Files (x86)\360\Total Security\safemon\libzdtp64.dll
0x00007ffba9270000 - 0x00007ffba99b4000 	C:\WINDOWS\System32\SHELL32.dll
0x00007ffbab170000 - 0x00007ffbab1c5000 	C:\WINDOWS\System32\SHLWAPI.dll
0x00007ffba83f0000 - 0x00007ffba83fa000 	C:\WINDOWS\SYSTEM32\VERSION.dll
0x00007ffba5090000 - 0x00007ffba509c000 	C:\Eclipse\eclipse escritorio\plugins\org.eclipse.justj.openjdk.hotspot.jre.full.win32.x86_64_17.0.4.v20220903-1038\jre\bin\vcruntime140_1.dll
0x00007ffb925d0000 - 0x00007ffb92661000 	C:\Eclipse\eclipse escritorio\plugins\org.eclipse.justj.openjdk.hotspot.jre.full.win32.x86_64_17.0.4.v20220903-1038\jre\bin\msvcp140.dll
0x00007ffb75260000 - 0x00007ffb75ea6000 	C:\Eclipse\eclipse escritorio\plugins\org.eclipse.justj.openjdk.hotspot.jre.full.win32.x86_64_17.0.4.v20220903-1038\jre\bin\server\jvm.dll
0x00007ffba9e70000 - 0x00007ffba9e78000 	C:\WINDOWS\System32\PSAPI.DLL
0x00007ffba59b0000 - 0x00007ffba59b9000 	C:\WINDOWS\SYSTEM32\WSOCK32.dll
0x00007ffbaa390000 - 0x00007ffbaa3fb000 	C:\WINDOWS\System32\WS2_32.dll
0x00007ffb9c5a0000 - 0x00007ffb9c5c7000 	C:\WINDOWS\SYSTEM32\WINMM.dll
0x00007ffba7370000 - 0x00007ffba7382000 	C:\WINDOWS\SYSTEM32\kernel.appcore.dll
0x00007ffba3d20000 - 0x00007ffba3d2a000 	C:\Eclipse\eclipse escritorio\plugins\org.eclipse.justj.openjdk.hotspot.jre.full.win32.x86_64_17.0.4.v20220903-1038\jre\bin\jimage.dll
0x00007ffba6f20000 - 0x00007ffba7104000 	C:\WINDOWS\SYSTEM32\DBGHELP.DLL
0x00007ffba0d40000 - 0x00007ffba0d74000 	C:\WINDOWS\SYSTEM32\dbgcore.DLL
0x00007ffba8a70000 - 0x00007ffba8af2000 	C:\WINDOWS\System32\bcryptPrimitives.dll
0x00007ffb9f7a0000 - 0x00007ffb9f7c5000 	C:\Eclipse\eclipse escritorio\plugins\org.eclipse.justj.openjdk.hotspot.jre.full.win32.x86_64_17.0.4.v20220903-1038\jre\bin\java.dll

dbghelp: loaded successfully - version: 4.0.5 - missing functions: none
symbol engine: initialized successfully - sym options: 0x614 - pdb path: .;C:\Eclipse\eclipse escritorio\plugins\org.eclipse.justj.openjdk.hotspot.jre.full.win32.x86_64_17.0.4.v20220903-1038\jre\bin;C:\WINDOWS\SYSTEM32;C:\WINDOWS\WinSxS\amd64_microsoft.windows.common-controls_6595b64144ccf1df_6.0.19041.1110_none_60b5254171f9507e;C:\Program Files (x86)\360\Total Security\safemon;C:\Eclipse\eclipse escritorio\plugins\org.eclipse.justj.openjdk.hotspot.jre.full.win32.x86_64_17.0.4.v20220903-1038\jre\bin\server

VM Arguments:
jvm_args: -Dfile.encoding=UTF-8 --module-path=C:\Eclipse\workspace\FinalProjectBank\bin -XX:+ShowCodeDetailsInExceptionMessages -Djdk.module.main=FinalProjectBank 
java_command: FinalProjectBank/co.edu.uptc.presenter.Presenter
java_class_path (initial): <not set>
Launcher Type: SUN_STANDARD

[Global flags]
     intx CICompilerCount                          = 2                                         {product} {ergonomic}
     uint ConcGCThreads                            = 1                                         {product} {ergonomic}
     uint G1ConcRefinementThreads                  = 2                                         {product} {ergonomic}
   size_t G1HeapRegionSize                         = 1048576                                   {product} {ergonomic}
    uintx GCDrainStackTargetSize                   = 64                                        {product} {ergonomic}
   size_t InitialHeapSize                          = 58720256                                  {product} {ergonomic}
   size_t MarkStackSize                            = 4194304                                   {product} {ergonomic}
   size_t MaxHeapSize                              = 908066816                                 {product} {ergonomic}
   size_t MinHeapDeltaBytes                        = 1048576                                   {product} {ergonomic}
   size_t MinHeapSize                              = 8388608                                   {product} {ergonomic}
    uintx NonNMethodCodeHeapSize                   = 5826188                                {pd product} {ergonomic}
    uintx NonProfiledCodeHeapSize                  = 122916026                              {pd product} {ergonomic}
    uintx ProfiledCodeHeapSize                     = 122916026                              {pd product} {ergonomic}
    uintx ReservedCodeCacheSize                    = 251658240                              {pd product} {ergonomic}
     bool SegmentedCodeCache                       = true                                      {product} {ergonomic}
     bool ShowCodeDetailsInExceptionMessages       = true                                   {manageable} {command line}
   size_t SoftMaxHeapSize                          = 908066816                              {manageable} {ergonomic}
     bool UseCompressedClassPointers               = true                           {product lp64_product} {ergonomic}
     bool UseCompressedOops                        = true                           {product lp64_product} {ergonomic}
     bool UseG1GC                                  = true                                      {product} {ergonomic}
     bool UseLargePagesIndividualAllocation        = false                                  {pd product} {ergonomic}

Logging:
Log output configuration:
 #0: stdout all=warning uptime,level,tags
 #1: stderr all=off uptime,level,tags

Environment Variables:
JAVA_HOME=C:\Program Files\Java\jdk-19
PATH=C:/Eclipse/eclipse escritorio//plugins/org.eclipse.justj.openjdk.hotspot.jre.full.win32.x86_64_17.0.4.v20220903-1038/jre/bin/server;C:/Eclipse/eclipse escritorio//plugins/org.eclipse.justj.openjdk.hotspot.jre.full.win32.x86_64_17.0.4.v20220903-1038/jre/bin;C:\Program Files\Common Files\Oracle\Java\javapath;C:\Program Files (x86)\Common Files\Oracle\Java\javapath;C:\WINDOWS\system32;C:\WINDOWS;C:\WINDOWS\System32\Wbem;C:\WINDOWS\System32\WindowsPowerShell\v1.0\;C:\WINDOWS\System32\OpenSSH\;C:\Users\Lenovo\OneDrive\Documentos\Programacion\java19s1\jdk-19\bin;C:\Users\Lenovo\AppData\Local\Programs\Python\Python311\Scripts\;C:\Users\Lenovo\AppData\Local\Programs\Python\Python311\;C:\Users\Lenovo\AppData\Local\Microsoft\WindowsApps;C:\Program Files\Java\jdk-19\bin;C:\Users\Lenovo\AppData\Local\Programs\Microsoft VS Code\bin;;C:\Eclipse\eclipse escritorio;
USERNAME=Lenovo
OS=Windows_NT
PROCESSOR_IDENTIFIER=AMD64 Family 23 Model 24 Stepping 1, AuthenticAMD
TMP=C:\Users\Lenovo\AppData\Local\Temp
TEMP=C:\Users\Lenovo\AppData\Local\Temp



---------------  S Y S T E M  ---------------

OS:
 Windows 10 , 64 bit Build 19041 (10.0.19041.2788)
OS uptime: 14 days 3:16 hours

CPU: total 2 (initial active 2) (2 cores per cpu, 1 threads per core) family 23 model 24 stepping 1 microcode 0x0, cx8, cmov, fxsr, mmx, 3dnowpref, sse, sse2, sse3, ssse3, sse4a, sse4.1, sse4.2, popcnt, lzcnt, tsc, tscinvbit, avx, avx2, aes, clmul, bmi1, bmi2, adx, sha, fma, vzeroupper, clflush, clflushopt

Memory: 4k page, system-wide physical 3460M (441M free)
TotalPageFile size 6148M (AvailPageFile size 38M)
current process WorkingSet (physical memory assigned to process): 10M, peak: 10M
current process commit charge ("private bytes"): 47M, peak: 103M

vm_info: OpenJDK 64-Bit Server VM (17.0.4.1+1) for windows-amd64 JRE (17.0.4.1+1), built on Aug 17 2022 07:42:43 by "temurin" with MS VC++ 16.7 (VS2019)

END.
